[debug] [2025-05-06T13:40:43.457Z] ----------------------------------------------------------------------
[debug] [2025-05-06T13:40:43.460Z] Command:       /nix/store/ixbb20farqh1f4fqbmsn6b1ixn8mc8ij-nodejs-20.18.1/bin/node /nix/store/861z9924lx0974sd2ka1zh20lvw8bsdk-firebase-tools-13.10.0/lib/node_modules/firebase-tools/lib/bin/firebase.js init functions
[debug] [2025-05-06T13:40:43.460Z] CLI Version:   13.10.0
[debug] [2025-05-06T13:40:43.461Z] Platform:      linux
[debug] [2025-05-06T13:40:43.461Z] Node Version:  v20.18.1
[debug] [2025-05-06T13:40:43.461Z] Time:          Tue May 06 2025 13:40:43 GMT+0000 (Coordinated Universal Time)
[debug] [2025-05-06T13:40:43.461Z] ----------------------------------------------------------------------
[debug] 
[debug] [2025-05-06T13:40:43.554Z] > command requires scopes: ["email","openid","https://www.googleapis.com/auth/cloudplatformprojects.readonly","https://www.googleapis.com/auth/firebase","https://www.googleapis.com/auth/cloud-platform"]
[debug] [2025-05-06T13:40:43.555Z] > authorizing via signed-in user (bsbplinio@gmail.com)
[info] 
     ######## #### ########  ######## ########     ###     ######  ########
     ##        ##  ##     ## ##       ##     ##  ##   ##  ##       ##
     ######    ##  ########  ######   ########  #########  ######  ######
     ##        ##  ##    ##  ##       ##     ## ##     ##       ## ##
     ##       #### ##     ## ######## ########  ##     ##  ######  ########

You're about to initialize a Firebase project in this directory:

  /home/user/CebolaoLotofacilGenerator

Before we get started, keep in mind:

  * You are initializing within an existing Firebase project directory

[info] 
=== Project Setup
[info] 
[info] First, let's associate this project directory with a Firebase project.
[info] You can create multiple project aliases by running firebase use --add, 
[info] but for now we'll just set up a default project.
[info] 
[debug] [2025-05-06T13:40:43.560Z] Using project from CLI flag: demo-project
[debug] [2025-05-06T13:40:43.564Z] >>> [apiv2][query] GET https://firebase.googleapis.com/v1beta1/projects/demo-project [none]
[debug] [2025-05-06T13:40:43.887Z] <<< [apiv2][status] GET https://firebase.googleapis.com/v1beta1/projects/demo-project 403
[debug] [2025-05-06T13:40:43.888Z] <<< [apiv2][body] GET https://firebase.googleapis.com/v1beta1/projects/demo-project {"error":{"code":403,"message":"The caller does not have permission","status":"PERMISSION_DENIED"}}
[debug] [2025-05-06T13:40:43.888Z] HTTP Error: 403, The caller does not have permission
[debug] [2025-05-06T13:40:43.890Z] FirebaseError: HTTP Error: 403, The caller does not have permission
    at responseToError (/nix/store/861z9924lx0974sd2ka1zh20lvw8bsdk-firebase-tools-13.10.0/lib/node_modules/firebase-tools/lib/responseToError.js:49:12)
    at RetryOperation._fn (/nix/store/861z9924lx0974sd2ka1zh20lvw8bsdk-firebase-tools-13.10.0/lib/node_modules/firebase-tools/lib/apiv2.js:305:77)
    at process.processTicksAndRejections (node:internal/process/task_queues:95:5)
[error] 
[error] Error: Failed to get Firebase project demo-project. Please make sure the project exists and your account has permission to access it.
